<?xml version="1.0" encoding="UTF-8"?>
<!-- Generated by org.testng.reporters.JUnitXMLReporter -->
<testsuite ignored="0" hostname="Sirajs-MacBook-Air.local" failures="1" tests="3" name="QuickTests" time="16.526" errors="0" timestamp="2020-03-09T15:55:29 EDT">
  <testcase classname="QuickTests" name="screenshotOfPage" time="4.256"/>
  <testcase classname="QuickTests" name="screenshotOfaSectionOnAPage" time="1.478"/>
  <testcase classname="QuickTests" name="CheckingfailedTest" time="0.008">
    <failure type="java.lang.AssertionError" message="Expected to fail`">
      <![CDATA[java.lang.AssertionError: Expected to fail`
at QuickTests.CheckingfailedTest(QuickTests.java:69)
at java.base/java.util.ArrayList.forEach(ArrayList.java:1507)
... Removed 31 stack frames]]>
    </failure>
  </testcase> <!-- CheckingfailedTest -->
</testsuite> <!-- QuickTests -->
